<?xml version="1.0" encoding="UTF-8"?>
<!-- Generated by org.testng.reporters.JUnitXMLReporter -->
<testsuite ignored="0" hostname="lap-hyd-0x81095" failures="0" tests="4" name="Data provider with ExcelSheet" time="0.962" errors="0" timestamp="01 Jan 2023 10:53:46 GMT">
  <testcase classname="Academy.tests.ExcelDataProvider" name="testCaseData" time="0.01"/>
  <testcase classname="Academy.tests.ExcelDataProvider" name="testCaseData" time="0.002"/>
  <testcase classname="Academy.tests.ExcelDataProvider" name="testCaseData" time="0.001"/>
  <testcase classname="Academy.tests.ExcelDataProvider" name="testCaseData" time="0.002"/>
</testsuite> <!-- Data provider with ExcelSheet -->
