<?xml version="1.0" encoding="UTF-8"?>
<!-- Generated by org.testng.reporters.JUnitXMLReporter -->
<testsuite ignored="0" hostname="lap-hyd-0x81095" failures="0" tests="4" name="Excel driven" time="0.816" errors="0" timestamp="02 Jan 2023 14:21:30 GMT">
  <testcase classname="Academy.tests.ExcelDataProvider" name="testCaseData" time="0.007"/>
  <testcase classname="Academy.tests.ExcelDataProvider" name="testCaseData" time="0.001"/>
  <testcase classname="Academy.tests.ExcelDataProvider" name="testCaseData" time="0.001"/>
  <testcase classname="Academy.tests.ExcelDataProvider" name="testCaseData" time="0.001"/>
</testsuite> <!-- Excel driven -->
