<?xml version="1.0" encoding="UTF-8"?>
<!-- Generated by org.testng.reporters.JUnitXMLReporter -->
<testsuite ignored="0" hostname="lap-hyd-0x81095" failures="0" tests="4" name="Excel driven" time="1.644" errors="0" timestamp="06 Feb 2023 08:48:11 GMT">
  <testcase classname="Academy.tests.ExcelDataProvider" name="testCaseData" time="0.008"/>
  <testcase classname="Academy.tests.ExcelDataProvider" name="testCaseData" time="0.005"/>
  <testcase classname="Academy.tests.ExcelDataProvider" name="testCaseData" time="0.002"/>
  <testcase classname="Academy.tests.ExcelDataProvider" name="testCaseData" time="0.002"/>
</testsuite> <!-- Excel driven -->
