<?xml version="1.0" encoding="UTF-8"?>
<!-- Generated by org.testng.reporters.JUnitXMLReporter -->
<testsuite ignored="0" hostname="lap-hyd-0x81095" failures="0" tests="2" name="SubmitOrder Test" time="0.072" errors="0" timestamp="06 Feb 2023 08:48:09 GMT">
  <testcase classname="Academy.tests.StandAloneTest" name="submitOrder" time="0.0">
    <skipped/>
  </testcase> <!-- submitOrder -->
  <testcase classname="Academy.tests.StandAloneTest" name="orderHistoryTest" time="0.001">
    <skipped/>
  </testcase> <!-- orderHistoryTest -->
</testsuite> <!-- SubmitOrder Test -->
