<?xml version="1.0" encoding="UTF-8"?>
<!-- Generated by org.testng.reporters.JUnitXMLReporter -->
<testsuite hostname="lap-hyd-0x81095" ignored="0" name="Error Validations Test" tests="2" failures="0" timestamp="02 Jan 2023 14:27:49 GMT" time="32.761" errors="0">
  <testcase name="loginErrorValidations" time="0.448" classname="Academy.tests.ErrorValidationsTest"/>
  <testcase name="productErrorValidation" time="16.107" classname="Academy.tests.ErrorValidationsTest"/>
</testsuite> <!-- Error Validations Test -->
