<?xml version="1.0" encoding="UTF-8"?>
<!-- Generated by org.testng.reporters.JUnitXMLReporter -->
<testsuite hostname="lap-hyd-0x81095" ignored="0" name="Excel driven" tests="4" failures="0" timestamp="02 Jan 2023 14:27:17 GMT" time="0.554" errors="0">
  <testcase name="testCaseData" time="0.006" classname="Academy.tests.ExcelDataProvider"/>
  <testcase name="testCaseData" time="0.001" classname="Academy.tests.ExcelDataProvider"/>
  <testcase name="testCaseData" time="0.0" classname="Academy.tests.ExcelDataProvider"/>
  <testcase name="testCaseData" time="0.0" classname="Academy.tests.ExcelDataProvider"/>
</testsuite> <!-- Excel driven -->
