<?xml version="1.0" encoding="UTF-8"?>
<!-- Generated by org.testng.reporters.JUnitXMLReporter -->
<testsuite hostname="lap-hyd-0x81095" ignored="0" name="SubmitOrder Test" tests="3" failures="0" timestamp="02 Jan 2023 14:27:57 GMT" time="40.039" errors="0">
  <testcase name="submitOrder" time="7.775" classname="Academy.tests.StandAloneTest"/>
  <testcase name="submitOrder" time="7.719" classname="Academy.tests.StandAloneTest"/>
  <testcase name="orderHistoryTest" time="0.69" classname="Academy.tests.StandAloneTest"/>
</testsuite> <!-- SubmitOrder Test -->
