<?xml version="1.0" encoding="UTF-8"?>
<testng-results skipped="0" failed="0" ignored="0" total="1" passed="1">
  <reporter-output>
  </reporter-output>
  <suite name="Surefire suite" duration-ms="472" started-at="2023-01-02T14:29:26Z" finished-at="2023-01-02T14:29:26Z">
    <groups>
    </groups>
    <test name="Surefire test" duration-ms="472" started-at="2023-01-02T14:29:26Z" finished-at="2023-01-02T14:29:26Z">
      <class name="Academy.tests.JdbcConection">
        <test-method status="PASS" signature="getMysqlConnection()[pri:0, instance:Academy.tests.JdbcConection@5d5eef3d]" name="getMysqlConnection" duration-ms="449" started-at="2023-01-02T14:29:26Z" finished-at="2023-01-02T14:29:26Z">
          <reporter-output>
          </reporter-output>
        </test-method> <!-- getMysqlConnection -->
      </class> <!-- Academy.tests.JdbcConection -->
    </test> <!-- Surefire test -->
  </suite> <!-- Surefire suite -->
</testng-results>
