<?xml version="1.0" encoding="UTF-8"?>
<testsuite xmlns:xsi="http://www.w3.org/2001/XMLSchema-instance" xsi:noNamespaceSchemaLocation="https://maven.apache.org/surefire/maven-surefire-plugin/xsd/surefire-test-report-3.0.xsd" version="3.0" name="TestSuite" time="41.098" tests="9" errors="0" skipped="0" failures="0">
  <properties>
[...]
</properties>
  <testcase name="testCaseData[balu, talner, 1](1)" classname="Academy.tests.ExcelDataProvider" time="0.007">
    <system-out><![CDATA[[TestNGContentHandler] [WARN] It is strongly recommended to add "<!DOCTYPE suite SYSTEM "http://testng.org/testng-1.0.dtd" >" at the top of your file, otherwise TestNG may fail or not work as expected.
balu : talner : 1
]]></system-out>
    <system-err><![CDATA[SLF4J: Failed to load class "org.slf4j.impl.StaticLoggerBinder".
SLF4J: Defaulting to no-operation (NOP) logger implementation
SLF4J: See http://www.slf4j.org/codes.html#StaticLoggerBinder for further details.
]]></system-err>
  </testcase>
  <testcase name="testCaseData[deeepa, malali, 2](2)" classname="Academy.tests.ExcelDataProvider" time="0.003">
    <system-out><![CDATA[deeepa : malali : 2
]]></system-out>
  </testcase>
  <testcase name="testCaseData[bhagya, beleyur, 3](3)" classname="Academy.tests.ExcelDataProvider" time="0.002">
    <system-out><![CDATA[bhagya : beleyur : 3
]]></system-out>
  </testcase>
  <testcase name="testCaseData[punit, bangalore, 123456](4)" classname="Academy.tests.ExcelDataProvider" time="0.002">
    <system-out><![CDATA[punit : bangalore : 123456
]]></system-out>
  </testcase>
  <testcase name="loginErrorValidations" classname="Academy.tests.ErrorValidationsTest" time="0.445">
    <system-out><![CDATA[Incorrect email or password.
]]></system-out>
    <system-err><![CDATA[1672669639779	geckodriver	INFO	Listening on 127.0.0.1:25645
1672669639860	geckodriver	INFO	Listening on 127.0.0.1:16636
11667722666699664400667744		mmoozzrruunnnneerr::::rruunnern	nIeNrF	OIN	RFuOn	niRnugn ncionmgma cnodm:m a"nCd::\ \"PCr:\o\gPrraomg rFaiml eFsi\le\sM\o\zMiolzlial lFai Frierfefooxx\\\f\ifreiforxe.feoxxe." e"x-e-"m a"r-i-omnaertitoen"e t"t-e-"r "e-m-orteem-odteeb-udgegbiunggg-ipnogr-tp"o r"t41"9 5"8"3 4"-4-r0em"ot e-a"ll-ow--rhoesmottes-"a ll"olwo-chaolshtoss"t "" l"o-c-arlehmotoes-ta" l"l-o-rewm-ootrei-gailnlso"w -"ohrtitgpi:n/s/"1 2"7h.t0.t0p.1::4/1/915287/.,0h.t0t.p1::/3/4l4o0c/a,lhthtop:s/t/l:o4c1al9h5os8t/:3,4h4t0t/p,:h/t/t[p:::/1/][::4:119]5:83/4"4 0"/-"n o"--rneom-orteem"o t"e-"p r"o-fpirloef"i l"eC": \"\CU:s\e\rUss\e\rBsA\L\ABCAHL~A1C.H4~\1\.A4p\p\DaAtpa\p\LDoactala\\\T\eLmpo\\crauslt\_\mToezmppr\o\friuslte_amofzhparXotf"i
lezvhzCa"
1672669641147	Marionette	INFO	Marionette enabled
console.error: Policies.jsm: 
  OfferToSaveLoginsDefault ignored because OfferToSaveLogins is present.
1672669641564	Marionette	INFO	Marionette enabled
console.error: Policies.jsm: 
  OfferToSaveLoginsDefault ignored because OfferToSaveLogins is present.
console.warn: SearchSettings: "get: No settings file exists, new profile?" (new NotFoundError("Could not open the file at C:\\Users\\balachandra.4\\AppData\\Local\\Temp\\rust_mozprofilezvhzCa\\search.json.mozlz4", (void 0)))
console.error: services.settings: 
  main/query-stripping Signature failed  TypeError: NetworkError when attempting to fetch resource.
console.error: services.settings: 
  main/query-stripping Signature failed  TypeError: NetworkError when attempting to fetch resource.
console.warn: SearchSettings: "get: No settings file exists, new profile?" (new NotFoundError("Could not open the file at C:\\Users\\balachandra.4\\AppData\\Local\\Temp\\rust_mozprofileafhaXt\\search.json.mozlz4", (void 0)))
DevTools listening on ws://localhost:3440/devtools/browser/6f9ffa7b-0e7e-4793-b469-e6b1e5bf8dd5
1672669643463	Marionette	INFO	Listening on port 53633
console.error: services.settings: 
  main/partitioning-exempt-urls Signature failed  TypeError: NetworkError when attempting to fetch resource.
JavaScript error: resource://gre/modules/PartitioningExceptionListService.jsm, line 69: NS_ERROR_MALFORMED_URI: Component returned failure code: 0x804b000a (NS_ERROR_MALFORMED_URI) [nsIPartitioningExceptionListObserver.onExceptionListUpdate]
DevTools listening on ws://localhost:41958/devtools/browser/2ddb2efd-55c2-4557-8ef1-880b7716b369
1672669643946	Marionette	INFO	Listening on port 53634
1672669643960	RemoteAgent	WARN	TLS certificate errors will be ignored for this session
1672669644357	RemoteAgent	WARN	TLS certificate errors will be ignored for this session
]]></system-err>
  </testcase>
  <testcase name="productErrorValidation" classname="Academy.tests.ErrorValidationsTest" time="7.08">
    <system-out><![CDATA[Total Products: 3
Login Successfully
ZARA COAT 3
]]></system-out>
    <system-err><![CDATA[1672669653750	Marionette	INFO	Stopped listening on port 53634
JavaScript error: resource:///modules/Interactions.jsm, line 209: NS_ERROR_FAILURE: Component returned failure code: 0x80004005 (NS_ERROR_FAILURE) [nsIUserIdleService.removeIdleObserver]

###!!! [Child][MessageChannel] Error: (msgtype=0x59000C,name=PHttpChannel::Msg___delete__) Channel closing: too late to send/recv, messages will be lost


###!!! [Parent][RunMessage] Error: Channel closing: too late to send/recv, messages will be lost

!!! error running onStopped callback: TypeError: callback is not a function
1672669654321	RemoteAgent	ERROR	unable to stop listener: [Exception... "Component returned failure code: 0x8000ffff (NS_ERROR_UNEXPECTED) [nsIWindowMediator.getEnumerator]"  nsresult: "0x8000ffff (NS_ERROR_UNEXPECTED)"  location: "JS frame :: chrome://remote/content/cdp/observers/TargetObserver.jsm :: stop :: line 64"  data: no] Stack trace: stop()@TargetObserver.jsm:64
unwatchForTabs()@TargetList.jsm:70
unwatchForTargets()@TargetList.jsm:37
destructor()@TargetList.jsm:109
stop()@CDP.jsm:104
close()@RemoteAgent.jsm:138
1672669655072	geckodriver	INFO	Listening on 127.0.0.1:10773
1672669655546	mozrunner::runner	INFO	Running command: "C:\\Program Files\\Mozilla Firefox\\firefox.exe" "--marionette" "--remote-debugging-port" "7864" "--remote-allow-hosts" "localhost" "--remote-allow-origins" "http://127.0.0.1:7864/,http://localhost:7864/,http://[::1]:7864/" "-no-remote" "-profile" "C:\\Users\\BALACH~1.4\\AppData\\Local\\Temp\\rust_mozprofilem37s30"
1672669656089	Marionette	INFO	Marionette enabled
console.error: Policies.jsm: 
  OfferToSaveLoginsDefault ignored because OfferToSaveLogins is present.
console.warn: SearchSettings: "get: No settings file exists, new profile?" (new NotFoundError("Could not open the file at C:\\Users\\balachandra.4\\AppData\\Local\\Temp\\rust_mozprofilem37s30\\search.json.mozlz4", (void 0)))
DevTools listening on ws://localhost:7864/devtools/browser/734dc811-8034-4109-8224-4fd55831d98f
1672669658114	Marionette	INFO	Listening on port 53832
1672669658340	RemoteAgent	WARN	TLS certificate errors will be ignored for this session
]]></system-err>
  </testcase>
  <testcase name="submitOrder[{email=punithRaj@gmail.com, productName=ZARA COAT 3, Password=punithRaj1}](1)" classname="Academy.tests.StandAloneTest" time="1.083">
    <system-out><![CDATA[Total Products: 3
Login Successfully
ZARA COAT 3
Total Products: 3
British Indian Ocean Territory
India
Login Successfully
THANKYOU FOR THE ORDER.
63b2e9d503841e9c9a67b990
]]></system-out>
    <system-err><![CDATA[1672669646487	Marionette	INFO	Stopped listening on port 53633
JavaScript error: resource:///modules/Interactions.jsm, line 209: NS_ERROR_FAILURE: Component returned failure code: 0x80004005 (NS_ERROR_FAILURE) [nsIUserIdleService.removeIdleObserver]

###!!! [Parent][MessageChannel] Error: (msgtype=0x390076,name=PContent::Msg_DestroyBrowsingContextGroup) Closed channel: cannot send/recv

JavaScript error: resource://gre/modules/Sqlite.jsm, line 1030: Error: Sqlite.jsm has been shutdown. Cannot open connection to: C:\Users\balachandra.4\AppData\Local\Temp\rust_mozprofilezvhzCa\protections.sqlite

###!!! [Parent][RunMessage] Error: Channel closing: too late to send/recv, messages will be lost

!!! error running onStopped callback: TypeError: callback is not a function
1672669647084	RemoteAgent	ERROR	unable to stop listener: [Exception... "Component returned failure code: 0x8000ffff (NS_ERROR_UNEXPECTED) [nsIWindowMediator.getEnumerator]"  nsresult: "0x8000ffff (NS_ERROR_UNEXPECTED)"  location: "JS frame :: chrome://remote/content/cdp/observers/TargetObserver.jsm :: stop :: line 64"  data: no] Stack trace: stop()@TargetObserver.jsm:64
unwatchForTabs()@TargetList.jsm:70
unwatchForTargets()@TargetList.jsm:37
destructor()@TargetList.jsm:109
stop()@CDP.jsm:104
close()@RemoteAgent.jsm:138
1672669647836	geckodriver	INFO	Listening on 127.0.0.1:48391
1672669648320	mozrunner::runner	INFO	Running command: "C:\\Program Files\\Mozilla Firefox\\firefox.exe" "--marionette" "--remote-debugging-port" "41724" "--remote-allow-hosts" "localhost" "--remote-allow-origins" "http://127.0.0.1:41724/,http://localhost:41724/,http://[::1]:41724/" "-no-remote" "-profile" "C:\\Users\\BALACH~1.4\\AppData\\Local\\Temp\\rust_mozprofileJuGJ9v"
1672669648846	Marionette	INFO	Marionette enabled
console.error: Policies.jsm: 
  OfferToSaveLoginsDefault ignored because OfferToSaveLogins is present.
console.warn: SearchSettings: "get: No settings file exists, new profile?" (new NotFoundError("Could not open the file at C:\\Users\\balachandra.4\\AppData\\Local\\Temp\\rust_mozprofileJuGJ9v\\search.json.mozlz4", (void 0)))
DevTools listening on ws://localhost:41724/devtools/browser/5da2ee98-806e-446d-9813-d73755d16ecb
1672669651038	Marionette	INFO	Listening on port 53746
1672669651107	RemoteAgent	WARN	TLS certificate errors will be ignored for this session
]]></system-err>
  </testcase>
  <testcase name="submitOrder[{email=ravichandran@gmail.com, productName=ZARA COAT 3, Password=Ravichandran1}](2)" classname="Academy.tests.StandAloneTest" time="7.836">
    <system-out><![CDATA[British Indian Ocean Territory
India
THANKYOU FOR THE ORDER.
63b2e9e503841e9c9a67b9af
]]></system-out>
    <system-err><![CDATA[1672669668767	Marionette	INFO	Stopped listening on port 53746
JavaScript error: resource:///modules/Interactions.jsm, line 209: NS_ERROR_FAILURE: Component returned failure code: 0x80004005 (NS_ERROR_FAILURE) [nsIUserIdleService.removeIdleObserver]

###!!! [Parent][RunMessage] Error: Channel closing: too late to send/recv, messages will be lost

!!! error running onStopped callback: TypeError: callback is not a function
1672669669349	RemoteAgent	ERROR	unable to stop listener: [Exception... "Component returned failure code: 0x8000ffff (NS_ERROR_UNEXPECTED) [nsIWindowMediator.getEnumerator]"  nsresult: "0x8000ffff (NS_ERROR_UNEXPECTED)"  location: "JS frame :: chrome://remote/content/cdp/observers/TargetObserver.jsm :: stop :: line 64"  data: no] Stack trace: stop()@TargetObserver.jsm:64
unwatchForTabs()@TargetList.jsm:70
unwatchForTargets()@TargetList.jsm:37
destructor()@TargetList.jsm:109
stop()@CDP.jsm:104
close()@RemoteAgent.jsm:138
]]></system-err>
  </testcase>
  <testcase name="orderHistoryTest" classname="Academy.tests.StandAloneTest" time="0.69">
    <system-err><![CDATA[1672669669409	Marionette	INFO	Stopped listening on port 53832
JavaScript error: resource:///modules/Interactions.jsm, line 209: NS_ERROR_FAILURE: Component returned failure code: 0x80004005 (NS_ERROR_FAILURE) [nsIUserIdleService.removeIdleObserver]

###!!! [Child][RunMessage] Error: Channel closing: too late to send/recv, messages will be lost


###!!! [Child][RunMessage] Error: Channel closing: too late to send/recv, messages will be lost


###!!! [Child][RunMessage] Error: Channel closing: too late to send/recv, messages will be lost

!!! error running onStopped callback: TypeError: callback is not a function
1672669670171	RemoteAgent	ERROR	unable to stop listener: [Exception... "Component returned failure code: 0x8000ffff (NS_ERROR_UNEXPECTED) [nsIWindowMediator.getEnumerator]"  nsresult: "0x8000ffff (NS_ERROR_UNEXPECTED)"  location: "JS frame :: chrome://remote/content/cdp/observers/TargetObserver.jsm :: stop :: line 64"  data: no] Stack trace: stop()@TargetObserver.jsm:64
unwatchForTabs()@TargetList.jsm:70
unwatchForTargets()@TargetList.jsm:37
destructor()@TargetList.jsm:109
stop()@CDP.jsm:104
close()@RemoteAgent.jsm:138
1672669670920	geckodriver	INFO	Listening on 127.0.0.1:43374
1672669671463	mozrunner::runner	INFO	Running command: "C:\\Program Files\\Mozilla Firefox\\firefox.exe" "--marionette" "--remote-debugging-port" "34711" "--remote-allow-hosts" "localhost" "--remote-allow-origins" "http://127.0.0.1:34711/,http://localhost:34711/,http://[::1]:34711/" "-no-remote" "-profile" "C:\\Users\\BALACH~1.4\\AppData\\Local\\Temp\\rust_mozprofileuK44q9"
1672669671987	Marionette	INFO	Marionette enabled
console.error: Policies.jsm: 
  OfferToSaveLoginsDefault ignored because OfferToSaveLogins is present.
console.warn: SearchSettings: "get: No settings file exists, new profile?" (new NotFoundError("Could not open the file at C:\\Users\\balachandra.4\\AppData\\Local\\Temp\\rust_mozprofileuK44q9\\search.json.mozlz4", (void 0)))
console.error: services.settings: 
  main/query-stripping Signature failed  TypeError: NetworkError when attempting to fetch resource.
DevTools listening on ws://localhost:34711/devtools/browser/dc918b56-1eff-4059-8f13-f687b87e1963
1672669673980	Marionette	INFO	Listening on port 53958
1672669674232	RemoteAgent	WARN	TLS certificate errors will be ignored for this session
JavaScript error: resource://gre/modules/PartitioningExceptionListService.jsm, line 69: NS_ERROR_MALFORMED_URI: Component returned failure code: 0x804b000a (NS_ERROR_MALFORMED_URI) [nsIPartitioningExceptionListObserver.onExceptionListUpdate]
]]></system-err>
  </testcase>
</testsuite>